<?xml version="1.0" encoding="UTF-8"?>
<testng-results ignored="0" total="1" passed="1" failed="0" skipped="0">
  <reporter-output>
  </reporter-output>
  <suite started-at="2022-09-15T19:03:56 IST" name="Default suite" finished-at="2022-09-15T19:03:57 IST" duration-ms="180">
    <groups>
    </groups>
    <test started-at="2022-09-15T19:03:56 IST" name="Default test" finished-at="2022-09-15T19:03:57 IST" duration-ms="180">
      <class name="Practice.addToCartTest">
        <test-method signature="addProductToCart()[pri:0, instance:Practice.addToCartTest@75329a49]" started-at="2022-09-15T19:03:57 IST" name="addProductToCart" finished-at="2022-09-15T19:03:57 IST" duration-ms="19" status="PASS">
          <reporter-output>
          </reporter-output>
        </test-method> <!-- addProductToCart -->
      </class> <!-- Practice.addToCartTest -->
    </test> <!-- Default test -->
  </suite> <!-- Default suite -->
</testng-results>
